<?xml version="1.0" encoding="UTF-8" ?>
<testsuite failures="0" time="0.065" errors="0" skipped="0" tests="1" name="ie.transportdublin.dbinsertershortestpath.DBInserterTest">
  <properties>
    <property name="java.runtime.name" value="Java(TM) SE Runtime Environment"/>
    <property name="sun.boot.library.path" value="/opt/java/jre/lib/i386"/>
    <property name="java.vm.version" value="20.4-b02"/>
    <property name="java.vm.vendor" value="Sun Microsystems Inc."/>
    <property name="java.vendor.url" value="http://java.sun.com/"/>
    <property name="path.separator" value=":"/>
    <property name="java.vm.name" value="Java HotSpot(TM) Server VM"/>
    <property name="file.encoding.pkg" value="sun.io"/>
    <property name="user.country" value="IT"/>
    <property name="sun.java.launcher" value="SUN_STANDARD"/>
    <property name="sun.os.patch.level" value="unknown"/>
    <property name="java.vm.specification.name" value="Java Virtual Machine Specification"/>
    <property name="user.dir" value="/home/rashta/workspace/TransportDublin"/>
    <property name="java.runtime.version" value="1.6.0_29-b11"/>
    <property name="java.awt.graphicsenv" value="sun.awt.X11GraphicsEnvironment"/>
    <property name="basedir" value="/home/rashta/workspace/TransportDublin"/>
    <property name="java.endorsed.dirs" value="/opt/java/jre/lib/endorsed"/>
    <property name="os.arch" value="i386"/>
    <property name="surefire.real.class.path" value="/home/rashta/workspace/TransportDublin/target/surefire/surefirebooter1390110758313055011.jar"/>
    <property name="java.io.tmpdir" value="/tmp"/>
    <property name="line.separator" value="
"/>
    <property name="java.vm.specification.vendor" value="Sun Microsystems Inc."/>
    <property name="os.name" value="Linux"/>
    <property name="sun.jnu.encoding" value="UTF-8"/>
    <property name="java.library.path" value="/opt/java/jre/lib/i386/server:/opt/java/jre/lib/i386:/opt/java/jre/../lib/i386:/opt/java/jre/lib/i386/client:/opt/java/jre/lib/i386::/usr/java/packages/lib/i386:/lib:/usr/lib"/>
    <property name="surefire.test.class.path" value="/home/rashta/workspace/TransportDublin/target/test-classes:/home/rashta/workspace/TransportDublin/target/classes:/home/rashta/.m2/repository/org/neo4j/neo4j/1.6.M01/neo4j-1.6.M01.jar:/home/rashta/.m2/repository/org/neo4j/neo4j-kernel/1.6.M01/neo4j-kernel-1.6.M01.jar:/home/rashta/.m2/repository/org/apache/geronimo/specs/geronimo-jta_1.1_spec/1.1.1/geronimo-jta_1.1_spec-1.1.1.jar:/home/rashta/.m2/repository/org/neo4j/neo4j-lucene-index/1.6.M01/neo4j-lucene-index-1.6.M01.jar:/home/rashta/.m2/repository/org/apache/lucene/lucene-core/3.1.0/lucene-core-3.1.0.jar:/home/rashta/.m2/repository/org/neo4j/neo4j-graph-algo/1.6.M01/neo4j-graph-algo-1.6.M01.jar:/home/rashta/.m2/repository/org/neo4j/neo4j-udc/1.6.M01/neo4j-udc-1.6.M01.jar:/home/rashta/.m2/repository/org/neo4j/neo4j-graph-matching/1.6.M01/neo4j-graph-matching-1.6.M01.jar:/home/rashta/.m2/repository/org/neo4j/neo4j-cypher/1.6.M01/neo4j-cypher-1.6.M01.jar:/home/rashta/.m2/repository/org/scala-lang/scala-library/2.9.0-1/scala-library-2.9.0-1.jar:/home/rashta/.m2/repository/org/neo4j/neo4j-jmx/1.6.M01/neo4j-jmx-1.6.M01.jar:/home/rashta/.m2/repository/org/neo4j/app/neo4j-server/1.6.M01/neo4j-server-1.6.M01.jar:/home/rashta/.m2/repository/org/neo4j/server-api/1.6.M01/server-api-1.6.M01.jar:/home/rashta/.m2/repository/javax/ws/rs/jsr311-api/1.1.1/jsr311-api-1.1.1.jar:/home/rashta/.m2/repository/org/slf4j/slf4j-api/1.6.1/slf4j-api-1.6.1.jar:/home/rashta/.m2/repository/org/slf4j/slf4j-jdk14/1.6.1/slf4j-jdk14-1.6.1.jar:/home/rashta/.m2/repository/org/slf4j/log4j-over-slf4j/1.6.1/log4j-over-slf4j-1.6.1.jar:/home/rashta/.m2/repository/org/slf4j/jcl-over-slf4j/1.6.1/jcl-over-slf4j-1.6.1.jar:/home/rashta/.m2/repository/org/mortbay/jetty/jetty/6.1.25/jetty-6.1.25.jar:/home/rashta/.m2/repository/org/mortbay/jetty/jetty-util/6.1.25/jetty-util-6.1.25.jar:/home/rashta/.m2/repository/org/mortbay/jetty/servlet-api/2.5-20081211/servlet-api-2.5-20081211.jar:/home/rashta/.m2/repository/com/sun/jersey/jersey-server/1.9/jersey-server-1.9.jar:/home/rashta/.m2/repository/asm/asm/3.1/asm-3.1.jar:/home/rashta/.m2/repository/commons-configuration/commons-configuration/1.6/commons-configuration-1.6.jar:/home/rashta/.m2/repository/commons-collections/commons-collections/3.2.1/commons-collections-3.2.1.jar:/home/rashta/.m2/repository/commons-lang/commons-lang/2.4/commons-lang-2.4.jar:/home/rashta/.m2/repository/commons-logging/commons-logging/1.1.1/commons-logging-1.1.1.jar:/home/rashta/.m2/repository/commons-beanutils/commons-beanutils-core/1.8.0/commons-beanutils-core-1.8.0.jar:/home/rashta/.m2/repository/commons-digester/commons-digester/1.8.1/commons-digester-1.8.1.jar:/home/rashta/.m2/repository/commons-io/commons-io/1.4/commons-io-1.4.jar:/home/rashta/.m2/repository/org/codehaus/jackson/jackson-jaxrs/1.8.3/jackson-jaxrs-1.8.3.jar:/home/rashta/.m2/repository/org/codehaus/jackson/jackson-mapper-asl/1.8.3/jackson-mapper-asl-1.8.3.jar:/home/rashta/.m2/repository/com/tinkerpop/gremlin/1.3/gremlin-1.3.jar:/home/rashta/.m2/repository/com/tinkerpop/blueprints/blueprints-core/1.0/blueprints-core-1.0.jar:/home/rashta/.m2/repository/com/tinkerpop/pipes/0.8/pipes-0.8.jar:/home/rashta/.m2/repository/org/codehaus/groovy/groovy/1.8.2/groovy-1.8.2.jar:/home/rashta/.m2/repository/antlr/antlr/2.7.7/antlr-2.7.7.jar:/home/rashta/.m2/repository/asm/asm-commons/3.2/asm-commons-3.2.jar:/home/rashta/.m2/repository/asm/asm-util/3.2/asm-util-3.2.jar:/home/rashta/.m2/repository/asm/asm-analysis/3.2/asm-analysis-3.2.jar:/home/rashta/.m2/repository/asm/asm-tree/3.2/asm-tree-3.2.jar:/home/rashta/.m2/repository/org/fusesource/jansi/jansi/1.5/jansi-1.5.jar:/home/rashta/.m2/repository/com/tinkerpop/blueprints/blueprints-neo4j-graph/1.0/blueprints-neo4j-graph-1.0.jar:/home/rashta/.m2/repository/org/rrd4j/rrd4j/2.0.7/rrd4j-2.0.7.jar:/home/rashta/.m2/repository/com/sun/jersey/contribs/jersey-multipart/1.9/jersey-multipart-1.9.jar:/home/rashta/.m2/repository/org/jvnet/mimepull/1.6/mimepull-1.6.jar:/home/rashta/.m2/repository/org/neo4j/neo4j-shell/1.6.M01/neo4j-shell-1.6.M01.jar:/home/rashta/.m2/repository/org/apache/servicemix/bundles/org.apache.servicemix.bundles.jline/0.9.94_1/org.apache.servicemix.bundles.jline-0.9.94_1.jar:/home/rashta/.m2/repository/org/neo4j/neo4j-spatial/0.6-SNAPSHOT/neo4j-spatial-0.6-SNAPSHOT.jar:/home/rashta/.m2/repository/org/geotools/gt-render/2.7-RC1/gt-render-2.7-RC1.jar:/home/rashta/.m2/repository/org/geotools/gt-coverage/2.7-RC1/gt-coverage-2.7-RC1.jar:/home/rashta/.m2/repository/org/geotools/gt-cql/2.7-RC1/gt-cql-2.7-RC1.jar:/home/rashta/.m2/repository/com/googlecode/json-simple/json-simple/1.1/json-simple-1.1.jar:/home/rashta/.m2/repository/com/vividsolutions/jts/1.11/jts-1.11.jar:/home/rashta/.m2/repository/xerces/xercesImpl/2.4.0/xercesImpl-2.4.0.jar:/home/rashta/.m2/repository/org/geotools/gt-main/2.6.3/gt-main-2.6.3.jar:/home/rashta/.m2/repository/org/geotools/gt-api/2.6.3/gt-api-2.6.3.jar:/home/rashta/.m2/repository/jdom/jdom/1.0/jdom-1.0.jar:/home/rashta/.m2/repository/commons-beanutils/commons-beanutils/1.7.0/commons-beanutils-1.7.0.jar:/home/rashta/.m2/repository/org/geotools/gt-shapefile/2.6.3/gt-shapefile-2.6.3.jar:/home/rashta/.m2/repository/org/geotools/gt-referencing/2.6.3/gt-referencing-2.6.3.jar:/home/rashta/.m2/repository/java3d/vecmath/1.3.2/vecmath-1.3.2.jar:/home/rashta/.m2/repository/commons-pool/commons-pool/1.5.3/commons-pool-1.5.3.jar:/home/rashta/.m2/repository/org/geotools/gt-metadata/2.6.3/gt-metadata-2.6.3.jar:/home/rashta/.m2/repository/org/opengis/geoapi/2.3-M1/geoapi-2.3-M1.jar:/home/rashta/.m2/repository/org/opengis/geoapi-pending/2.3-M1/geoapi-pending-2.3-M1.jar:/home/rashta/.m2/repository/net/java/dev/jsr-275/jsr-275/1.0-beta-2/jsr-275-1.0-beta-2.jar:/home/rashta/.m2/repository/com/sun/jersey/jersey-json/1.1.4/jersey-json-1.1.4.jar:/home/rashta/.m2/repository/com/sun/jersey/jersey-core/1.1.4/jersey-core-1.1.4.jar:/home/rashta/.m2/repository/org/codehaus/jettison/jettison/1.1/jettison-1.1.jar:/home/rashta/.m2/repository/stax/stax-api/1.0.1/stax-api-1.0.1.jar:/home/rashta/.m2/repository/com/sun/xml/bind/jaxb-impl/2.1.12/jaxb-impl-2.1.12.jar:/home/rashta/.m2/repository/javax/xml/bind/jaxb-api/2.1/jaxb-api-2.1.jar:/home/rashta/.m2/repository/javax/xml/stream/stax-api/1.0-2/stax-api-1.0-2.jar:/home/rashta/.m2/repository/javax/activation/activation/1.1/activation-1.1.jar:/home/rashta/.m2/repository/org/codehaus/jackson/jackson-core-asl/1.1.1/jackson-core-asl-1.1.1.jar:/home/rashta/.m2/repository/joda-time/joda-time/1.6.2/joda-time-1.6.2.jar:/home/rashta/.m2/repository/com/thoughtworks/xstream/xstream/1.3.1/xstream-1.3.1.jar:/home/rashta/.m2/repository/xpp3/xpp3_min/1.1.4c/xpp3_min-1.1.4c.jar:/home/rashta/.m2/repository/junit/junit/4.8.2/junit-4.8.2.jar:"/>
    <property name="java.specification.name" value="Java Platform API Specification"/>
    <property name="java.class.version" value="50.0"/>
    <property name="sun.management.compiler" value="HotSpot Tiered Compilers"/>
    <property name="os.version" value="3.1.9-2-ARCH"/>
    <property name="user.home" value="/home/rashta"/>
    <property name="user.timezone" value=""/>
    <property name="java.awt.printerjob" value="sun.print.PSPrinterJob"/>
    <property name="file.encoding" value="UTF-8"/>
    <property name="java.specification.version" value="1.6"/>
    <property name="user.name" value="rashta"/>
    <property name="java.class.path" value="/home/rashta/workspace/TransportDublin/target/test-classes:/home/rashta/workspace/TransportDublin/target/classes:/home/rashta/.m2/repository/org/neo4j/neo4j/1.6.M01/neo4j-1.6.M01.jar:/home/rashta/.m2/repository/org/neo4j/neo4j-kernel/1.6.M01/neo4j-kernel-1.6.M01.jar:/home/rashta/.m2/repository/org/apache/geronimo/specs/geronimo-jta_1.1_spec/1.1.1/geronimo-jta_1.1_spec-1.1.1.jar:/home/rashta/.m2/repository/org/neo4j/neo4j-lucene-index/1.6.M01/neo4j-lucene-index-1.6.M01.jar:/home/rashta/.m2/repository/org/apache/lucene/lucene-core/3.1.0/lucene-core-3.1.0.jar:/home/rashta/.m2/repository/org/neo4j/neo4j-graph-algo/1.6.M01/neo4j-graph-algo-1.6.M01.jar:/home/rashta/.m2/repository/org/neo4j/neo4j-udc/1.6.M01/neo4j-udc-1.6.M01.jar:/home/rashta/.m2/repository/org/neo4j/neo4j-graph-matching/1.6.M01/neo4j-graph-matching-1.6.M01.jar:/home/rashta/.m2/repository/org/neo4j/neo4j-cypher/1.6.M01/neo4j-cypher-1.6.M01.jar:/home/rashta/.m2/repository/org/scala-lang/scala-library/2.9.0-1/scala-library-2.9.0-1.jar:/home/rashta/.m2/repository/org/neo4j/neo4j-jmx/1.6.M01/neo4j-jmx-1.6.M01.jar:/home/rashta/.m2/repository/org/neo4j/app/neo4j-server/1.6.M01/neo4j-server-1.6.M01.jar:/home/rashta/.m2/repository/org/neo4j/server-api/1.6.M01/server-api-1.6.M01.jar:/home/rashta/.m2/repository/javax/ws/rs/jsr311-api/1.1.1/jsr311-api-1.1.1.jar:/home/rashta/.m2/repository/org/slf4j/slf4j-api/1.6.1/slf4j-api-1.6.1.jar:/home/rashta/.m2/repository/org/slf4j/slf4j-jdk14/1.6.1/slf4j-jdk14-1.6.1.jar:/home/rashta/.m2/repository/org/slf4j/log4j-over-slf4j/1.6.1/log4j-over-slf4j-1.6.1.jar:/home/rashta/.m2/repository/org/slf4j/jcl-over-slf4j/1.6.1/jcl-over-slf4j-1.6.1.jar:/home/rashta/.m2/repository/org/mortbay/jetty/jetty/6.1.25/jetty-6.1.25.jar:/home/rashta/.m2/repository/org/mortbay/jetty/jetty-util/6.1.25/jetty-util-6.1.25.jar:/home/rashta/.m2/repository/org/mortbay/jetty/servlet-api/2.5-20081211/servlet-api-2.5-20081211.jar:/home/rashta/.m2/repository/com/sun/jersey/jersey-server/1.9/jersey-server-1.9.jar:/home/rashta/.m2/repository/asm/asm/3.1/asm-3.1.jar:/home/rashta/.m2/repository/commons-configuration/commons-configuration/1.6/commons-configuration-1.6.jar:/home/rashta/.m2/repository/commons-collections/commons-collections/3.2.1/commons-collections-3.2.1.jar:/home/rashta/.m2/repository/commons-lang/commons-lang/2.4/commons-lang-2.4.jar:/home/rashta/.m2/repository/commons-logging/commons-logging/1.1.1/commons-logging-1.1.1.jar:/home/rashta/.m2/repository/commons-beanutils/commons-beanutils-core/1.8.0/commons-beanutils-core-1.8.0.jar:/home/rashta/.m2/repository/commons-digester/commons-digester/1.8.1/commons-digester-1.8.1.jar:/home/rashta/.m2/repository/commons-io/commons-io/1.4/commons-io-1.4.jar:/home/rashta/.m2/repository/org/codehaus/jackson/jackson-jaxrs/1.8.3/jackson-jaxrs-1.8.3.jar:/home/rashta/.m2/repository/org/codehaus/jackson/jackson-mapper-asl/1.8.3/jackson-mapper-asl-1.8.3.jar:/home/rashta/.m2/repository/com/tinkerpop/gremlin/1.3/gremlin-1.3.jar:/home/rashta/.m2/repository/com/tinkerpop/blueprints/blueprints-core/1.0/blueprints-core-1.0.jar:/home/rashta/.m2/repository/com/tinkerpop/pipes/0.8/pipes-0.8.jar:/home/rashta/.m2/repository/org/codehaus/groovy/groovy/1.8.2/groovy-1.8.2.jar:/home/rashta/.m2/repository/antlr/antlr/2.7.7/antlr-2.7.7.jar:/home/rashta/.m2/repository/asm/asm-commons/3.2/asm-commons-3.2.jar:/home/rashta/.m2/repository/asm/asm-util/3.2/asm-util-3.2.jar:/home/rashta/.m2/repository/asm/asm-analysis/3.2/asm-analysis-3.2.jar:/home/rashta/.m2/repository/asm/asm-tree/3.2/asm-tree-3.2.jar:/home/rashta/.m2/repository/org/fusesource/jansi/jansi/1.5/jansi-1.5.jar:/home/rashta/.m2/repository/com/tinkerpop/blueprints/blueprints-neo4j-graph/1.0/blueprints-neo4j-graph-1.0.jar:/home/rashta/.m2/repository/org/rrd4j/rrd4j/2.0.7/rrd4j-2.0.7.jar:/home/rashta/.m2/repository/com/sun/jersey/contribs/jersey-multipart/1.9/jersey-multipart-1.9.jar:/home/rashta/.m2/repository/org/jvnet/mimepull/1.6/mimepull-1.6.jar:/home/rashta/.m2/repository/org/neo4j/neo4j-shell/1.6.M01/neo4j-shell-1.6.M01.jar:/home/rashta/.m2/repository/org/apache/servicemix/bundles/org.apache.servicemix.bundles.jline/0.9.94_1/org.apache.servicemix.bundles.jline-0.9.94_1.jar:/home/rashta/.m2/repository/org/neo4j/neo4j-spatial/0.6-SNAPSHOT/neo4j-spatial-0.6-SNAPSHOT.jar:/home/rashta/.m2/repository/org/geotools/gt-render/2.7-RC1/gt-render-2.7-RC1.jar:/home/rashta/.m2/repository/org/geotools/gt-coverage/2.7-RC1/gt-coverage-2.7-RC1.jar:/home/rashta/.m2/repository/org/geotools/gt-cql/2.7-RC1/gt-cql-2.7-RC1.jar:/home/rashta/.m2/repository/com/googlecode/json-simple/json-simple/1.1/json-simple-1.1.jar:/home/rashta/.m2/repository/com/vividsolutions/jts/1.11/jts-1.11.jar:/home/rashta/.m2/repository/xerces/xercesImpl/2.4.0/xercesImpl-2.4.0.jar:/home/rashta/.m2/repository/org/geotools/gt-main/2.6.3/gt-main-2.6.3.jar:/home/rashta/.m2/repository/org/geotools/gt-api/2.6.3/gt-api-2.6.3.jar:/home/rashta/.m2/repository/jdom/jdom/1.0/jdom-1.0.jar:/home/rashta/.m2/repository/commons-beanutils/commons-beanutils/1.7.0/commons-beanutils-1.7.0.jar:/home/rashta/.m2/repository/org/geotools/gt-shapefile/2.6.3/gt-shapefile-2.6.3.jar:/home/rashta/.m2/repository/org/geotools/gt-referencing/2.6.3/gt-referencing-2.6.3.jar:/home/rashta/.m2/repository/java3d/vecmath/1.3.2/vecmath-1.3.2.jar:/home/rashta/.m2/repository/commons-pool/commons-pool/1.5.3/commons-pool-1.5.3.jar:/home/rashta/.m2/repository/org/geotools/gt-metadata/2.6.3/gt-metadata-2.6.3.jar:/home/rashta/.m2/repository/org/opengis/geoapi/2.3-M1/geoapi-2.3-M1.jar:/home/rashta/.m2/repository/org/opengis/geoapi-pending/2.3-M1/geoapi-pending-2.3-M1.jar:/home/rashta/.m2/repository/net/java/dev/jsr-275/jsr-275/1.0-beta-2/jsr-275-1.0-beta-2.jar:/home/rashta/.m2/repository/com/sun/jersey/jersey-json/1.1.4/jersey-json-1.1.4.jar:/home/rashta/.m2/repository/com/sun/jersey/jersey-core/1.1.4/jersey-core-1.1.4.jar:/home/rashta/.m2/repository/org/codehaus/jettison/jettison/1.1/jettison-1.1.jar:/home/rashta/.m2/repository/stax/stax-api/1.0.1/stax-api-1.0.1.jar:/home/rashta/.m2/repository/com/sun/xml/bind/jaxb-impl/2.1.12/jaxb-impl-2.1.12.jar:/home/rashta/.m2/repository/javax/xml/bind/jaxb-api/2.1/jaxb-api-2.1.jar:/home/rashta/.m2/repository/javax/xml/stream/stax-api/1.0-2/stax-api-1.0-2.jar:/home/rashta/.m2/repository/javax/activation/activation/1.1/activation-1.1.jar:/home/rashta/.m2/repository/org/codehaus/jackson/jackson-core-asl/1.1.1/jackson-core-asl-1.1.1.jar:/home/rashta/.m2/repository/joda-time/joda-time/1.6.2/joda-time-1.6.2.jar:/home/rashta/.m2/repository/com/thoughtworks/xstream/xstream/1.3.1/xstream-1.3.1.jar:/home/rashta/.m2/repository/xpp3/xpp3_min/1.1.4c/xpp3_min-1.1.4c.jar:/home/rashta/.m2/repository/junit/junit/4.8.2/junit-4.8.2.jar:"/>
    <property name="java.vm.specification.version" value="1.0"/>
    <property name="sun.arch.data.model" value="32"/>
    <property name="java.home" value="/opt/java/jre"/>
    <property name="sun.java.command" value="/home/rashta/workspace/TransportDublin/target/surefire/surefirebooter1390110758313055011.jar /home/rashta/workspace/TransportDublin/target/surefire/surefire2740529988976494828tmp /home/rashta/workspace/TransportDublin/target/surefire/surefire1801403159566102812tmp"/>
    <property name="java.specification.vendor" value="Sun Microsystems Inc."/>
    <property name="user.language" value="it"/>
    <property name="java.vm.info" value="mixed mode"/>
    <property name="java.version" value="1.6.0_29"/>
    <property name="java.ext.dirs" value="/opt/java/jre/lib/ext:/usr/java/packages/lib/ext"/>
    <property name="sun.boot.class.path" value="/opt/java/jre/lib/resources.jar:/opt/java/jre/lib/rt.jar:/opt/java/jre/lib/sunrsasign.jar:/opt/java/jre/lib/jsse.jar:/opt/java/jre/lib/jce.jar:/opt/java/jre/lib/charsets.jar:/opt/java/jre/lib/modules/jdk.boot.jar:/opt/java/jre/classes"/>
    <property name="java.vendor" value="Sun Microsystems Inc."/>
    <property name="localRepository" value="/home/rashta/.m2/repository"/>
    <property name="file.separator" value="/"/>
    <property name="java.vendor.url.bug" value="http://java.sun.com/cgi-bin/bugreport.cgi"/>
    <property name="sun.cpu.endian" value="little"/>
    <property name="sun.io.unicode.encoding" value="UnicodeLittle"/>
    <property name="sun.cpu.isalist" value=""/>
  </properties>
  <testcase time="0.004" classname="ie.transportdublin.dbinsertershortestpath.DBInserterTest" name="addData"/>
</testsuite>